app/build/intermediates/manifest_merge_blame_file/debug/manifest-merger-blame-debug-report.txt
1<?xml version="1.0" encoding="utf-8"?>
2<manifest xmlns:android="http://schemas.android.com/apk/res/android"
3    package="com.example.YTController"
4    android:versionCode="1"
5    android:versionName="1.0" >
6
7    <uses-sdk
8        android:minSdkVersion="24"
9        android:targetSdkVersion="34" />
10
11    <uses-permission android:name="android.permission.SYSTEM_ALERT_WINDOW" />
11-->src\main\AndroidManifest.xml:5:5-78
11-->src\main\AndroidManifest.xml:5:22-75
12    <uses-permission android:name="android.permission.GET_TASKS" />
12-->src\main\AndroidManifest.xml:6:5-68
12-->src\main\AndroidManifest.xml:6:22-65
13    <uses-permission android:name="android.permission.INJECT_EVENTS" />
13-->src\main\AndroidManifest.xml:7:5-72
13-->src\main\AndroidManifest.xml:7:22-69
14    <uses-permission android:name="android.permission.WRITE_EXTERNAL_STORAGE" />
14-->src\main\AndroidManifest.xml:8:5-81
14-->src\main\AndroidManifest.xml:8:22-78
15    <uses-permission android:name="android.permission.READ_EXTERNAL_STORAGE" />
15-->src\main\AndroidManifest.xml:9:5-80
15-->src\main\AndroidManifest.xml:9:22-77
16
17    <permission
17-->[androidx.core:core:1.12.0] AndroidManifest.xml:22:5-24:47
18        android:name="com.example.YTController.DYNAMIC_RECEIVER_NOT_EXPORTED_PERMISSION"
18-->[androidx.core:core:1.12.0] AndroidManifest.xml:23:9-81
19        android:protectionLevel="signature" />
19-->[androidx.core:core:1.12.0] AndroidManifest.xml:24:9-44
20
21    <uses-permission android:name="com.example.YTController.DYNAMIC_RECEIVER_NOT_EXPORTED_PERMISSION" />
21-->[androidx.core:core:1.12.0] AndroidManifest.xml:26:5-97
21-->[androidx.core:core:1.12.0] AndroidManifest.xml:26:22-94
22
23    <application
23-->src\main\AndroidManifest.xml:11:5-56:19
24        android:allowBackup="true"
24-->src\main\AndroidManifest.xml:12:9-35
25        android:appComponentFactory="androidx.core.app.CoreComponentFactory"
25-->[androidx.core:core:1.12.0] AndroidManifest.xml:28:18-86
26        android:debuggable="true"
27        android:extractNativeLibs="false"
28        android:icon="@mipmap/ic_launcher"
28-->src\main\AndroidManifest.xml:14:9-43
29        android:label="@string/app_name"
29-->src\main\AndroidManifest.xml:15:9-41
30        android:roundIcon="@mipmap/ic_launcher_round"
30-->src\main\AndroidManifest.xml:16:9-54
31        android:supportsRtl="true"
31-->src\main\AndroidManifest.xml:17:9-35
32        android:testOnly="true"
33        android:theme="@style/Theme.YTController" >
33-->src\main\AndroidManifest.xml:13:9-50
34        <activity
34-->src\main\AndroidManifest.xml:19:9-27:20
35            android:name="com.example.YTController.MainActivity"
35-->src\main\AndroidManifest.xml:20:13-41
36            android:exported="true" >
36-->src\main\AndroidManifest.xml:21:13-36
37            <intent-filter>
37-->src\main\AndroidManifest.xml:22:13-26:29
38                <action android:name="android.intent.action.MAIN" />
38-->src\main\AndroidManifest.xml:23:17-69
38-->src\main\AndroidManifest.xml:23:25-66
39
40                <category android:name="android.intent.category.LAUNCHER" />
40-->src\main\AndroidManifest.xml:25:17-77
40-->src\main\AndroidManifest.xml:25:27-74
41            </intent-filter>
42        </activity>
43
44        <service
44-->src\main\AndroidManifest.xml:29:9-31:40
45            android:name="com.example.YTController.OverlayService"
45-->src\main\AndroidManifest.xml:30:13-43
46            android:exported="false" />
46-->src\main\AndroidManifest.xml:31:13-37
47        <service
47-->src\main\AndroidManifest.xml:33:9-42:19
48            android:name="com.example.YTController.QSTileService"
48-->src\main\AndroidManifest.xml:34:13-42
49            android:exported="true"
49-->src\main\AndroidManifest.xml:38:13-36
50            android:icon="@drawable/ic_battery_overlay_on"
50-->src\main\AndroidManifest.xml:35:13-59
51            android:label="YT Controller"
51-->src\main\AndroidManifest.xml:36:13-42
52            android:permission="android.permission.BIND_QUICK_SETTINGS_TILE" >
52-->src\main\AndroidManifest.xml:37:13-77
53            <intent-filter>
53-->src\main\AndroidManifest.xml:39:13-41:29
54                <action android:name="android.service.quicksettings.action.QS_TILE" />
54-->src\main\AndroidManifest.xml:40:17-87
54-->src\main\AndroidManifest.xml:40:25-84
55            </intent-filter>
56        </service>
57        <service
57-->src\main\AndroidManifest.xml:44:9-54:19
58            android:name="com.example.YTController.YTAccessibilityService"
58-->src\main\AndroidManifest.xml:45:13-51
59            android:exported="true"
59-->src\main\AndroidManifest.xml:47:13-36
60            android:permission="android.permission.BIND_ACCESSIBILITY_SERVICE" >
60-->src\main\AndroidManifest.xml:46:13-79
61            <intent-filter>
61-->src\main\AndroidManifest.xml:48:13-50:29
62                <action android:name="android.accessibilityservice.AccessibilityService" />
62-->src\main\AndroidManifest.xml:49:17-92
62-->src\main\AndroidManifest.xml:49:25-89
63            </intent-filter>
64
65            <meta-data
65-->src\main\AndroidManifest.xml:51:13-53:72
66                android:name="android.accessibilityservice"
66-->src\main\AndroidManifest.xml:52:17-60
67                android:resource="@xml/accessibility_service_config" />
67-->src\main\AndroidManifest.xml:53:17-69
68        </service>
69
70        <provider
70-->[androidx.emoji2:emoji2:1.2.0] AndroidManifest.xml:24:9-32:20
71            android:name="androidx.startup.InitializationProvider"
71-->[androidx.emoji2:emoji2:1.2.0] AndroidManifest.xml:25:13-67
72            android:authorities="com.example.YTController.androidx-startup"
72-->[androidx.emoji2:emoji2:1.2.0] AndroidManifest.xml:26:13-68
73            android:exported="false" >
73-->[androidx.emoji2:emoji2:1.2.0] AndroidManifest.xml:27:13-37
74            <meta-data
74-->[androidx.emoji2:emoji2:1.2.0] AndroidManifest.xml:29:13-31:52
75                android:name="androidx.emoji2.text.EmojiCompatInitializer"
75-->[androidx.emoji2:emoji2:1.2.0] AndroidManifest.xml:30:17-75
76                android:value="androidx.startup" />
76-->[androidx.emoji2:emoji2:1.2.0] AndroidManifest.xml:31:17-49
77            <meta-data
77-->[androidx.lifecycle:lifecycle-process:2.6.1] AndroidManifest.xml:29:13-31:52
78                android:name="androidx.lifecycle.ProcessLifecycleInitializer"
78-->[androidx.lifecycle:lifecycle-process:2.6.1] AndroidManifest.xml:30:17-78
79                android:value="androidx.startup" />
79-->[androidx.lifecycle:lifecycle-process:2.6.1] AndroidManifest.xml:31:17-49
80            <meta-data
80-->[androidx.profileinstaller:profileinstaller:1.3.0] AndroidManifest.xml:29:13-31:52
81                android:name="androidx.profileinstaller.ProfileInstallerInitializer"
81-->[androidx.profileinstaller:profileinstaller:1.3.0] AndroidManifest.xml:30:17-85
82                android:value="androidx.startup" />
82-->[androidx.profileinstaller:profileinstaller:1.3.0] AndroidManifest.xml:31:17-49
83        </provider>
84
85        <receiver
85-->[androidx.profileinstaller:profileinstaller:1.3.0] AndroidManifest.xml:34:9-52:20
86            android:name="androidx.profileinstaller.ProfileInstallReceiver"
86-->[androidx.profileinstaller:profileinstaller:1.3.0] AndroidManifest.xml:35:13-76
87            android:directBootAware="false"
87-->[androidx.profileinstaller:profileinstaller:1.3.0] AndroidManifest.xml:36:13-44
88            android:enabled="true"
88-->[androidx.profileinstaller:profileinstaller:1.3.0] AndroidManifest.xml:37:13-35
89            android:exported="true"
89-->[androidx.profileinstaller:profileinstaller:1.3.0] AndroidManifest.xml:38:13-36
90            android:permission="android.permission.DUMP" >
90-->[androidx.profileinstaller:profileinstaller:1.3.0] AndroidManifest.xml:39:13-57
91            <intent-filter>
91-->[androidx.profileinstaller:profileinstaller:1.3.0] AndroidManifest.xml:40:13-42:29
92                <action android:name="androidx.profileinstaller.action.INSTALL_PROFILE" />
92-->[androidx.profileinstaller:profileinstaller:1.3.0] AndroidManifest.xml:41:17-91
92-->[androidx.profileinstaller:profileinstaller:1.3.0] AndroidManifest.xml:41:25-88
93            </intent-filter>
94            <intent-filter>
94-->[androidx.profileinstaller:profileinstaller:1.3.0] AndroidManifest.xml:43:13-45:29
95                <action android:name="androidx.profileinstaller.action.SKIP_FILE" />
95-->[androidx.profileinstaller:profileinstaller:1.3.0] AndroidManifest.xml:44:17-85
95-->[androidx.profileinstaller:profileinstaller:1.3.0] AndroidManifest.xml:44:25-82
96            </intent-filter>
97            <intent-filter>
97-->[androidx.profileinstaller:profileinstaller:1.3.0] AndroidManifest.xml:46:13-48:29
98                <action android:name="androidx.profileinstaller.action.SAVE_PROFILE" />
98-->[androidx.profileinstaller:profileinstaller:1.3.0] AndroidManifest.xml:47:17-88
98-->[androidx.profileinstaller:profileinstaller:1.3.0] AndroidManifest.xml:47:25-85
99            </intent-filter>
100            <intent-filter>
100-->[androidx.profileinstaller:profileinstaller:1.3.0] AndroidManifest.xml:49:13-51:29
101                <action android:name="androidx.profileinstaller.action.BENCHMARK_OPERATION" />
101-->[androidx.profileinstaller:profileinstaller:1.3.0] AndroidManifest.xml:50:17-95
101-->[androidx.profileinstaller:profileinstaller:1.3.0] AndroidManifest.xml:50:25-92
102            </intent-filter>
103        </receiver>
104    </application>
105
106</manifest>